<?xml version="1.0" encoding="UTF-8"?>
<coverage generated="1522285952216" clover="3.2.0">
  <project timestamp="1522285952216" name="All files">
    <metrics statements="23" coveredstatements="21" conditionals="6" coveredconditionals="6" methods="13" coveredmethods="11" elements="42" coveredelements="38" complexity="0" loc="23" ncloc="23" packages="7" files="8" classes="8">
      <package name="components.card">
        <metrics statements="3" coveredstatements="3" conditionals="0" coveredconditionals="0" methods="1" coveredmethods="1"/>
        <file name="index.js" path="/Users/rodolfobarretoweb/Projects/NuContaMarketPlace/app/components/card/index.js">
          <metrics statements="3" coveredstatements="3" conditionals="0" coveredconditionals="0" methods="1" coveredmethods="1"/>
          <line num="8" count="4" type="stmt"/>
          <line num="10" count="4" type="stmt"/>
          <line num="18" count="3" type="stmt"/>
        </file>
      </package>
      <package name="components.load">
        <metrics statements="5" coveredstatements="5" conditionals="2" coveredconditionals="2" methods="1" coveredmethods="1"/>
        <file name="index.js" path="/Users/rodolfobarretoweb/Projects/NuContaMarketPlace/app/components/load/index.js">
          <metrics statements="5" coveredstatements="5" conditionals="2" coveredconditionals="2" methods="1" coveredmethods="1"/>
          <line num="8" count="4" type="stmt"/>
          <line num="10" count="4" type="cond" truecount="2" falsecount="0"/>
          <line num="12" count="3" type="stmt"/>
          <line num="24" count="3" type="stmt"/>
          <line num="29" count="3" type="stmt"/>
        </file>
      </package>
      <package name="components.noResults">
        <metrics statements="2" coveredstatements="2" conditionals="0" coveredconditionals="0" methods="1" coveredmethods="1"/>
        <file name="index.js" path="/Users/rodolfobarretoweb/Projects/NuContaMarketPlace/app/components/noResults/index.js">
          <metrics statements="2" coveredstatements="2" conditionals="0" coveredconditionals="0" methods="1" coveredmethods="1"/>
          <line num="8" count="1" type="stmt"/>
          <line num="16" count="3" type="stmt"/>
        </file>
      </package>
      <package name="containers.offers.details">
        <metrics statements="1" coveredstatements="0" conditionals="0" coveredconditionals="0" methods="1" coveredmethods="0"/>
        <file name="index.js" path="/Users/rodolfobarretoweb/Projects/NuContaMarketPlace/app/containers/offers/details/index.js">
          <metrics statements="1" coveredstatements="0" conditionals="0" coveredconditionals="0" methods="1" coveredmethods="0"/>
          <line num="5" count="0" type="stmt"/>
        </file>
      </package>
      <package name="containers.offers.list">
        <metrics statements="7" coveredstatements="6" conditionals="2" coveredconditionals="2" methods="6" coveredmethods="5"/>
        <file name="index.js" path="/Users/rodolfobarretoweb/Projects/NuContaMarketPlace/app/containers/offers/list/index.js">
          <metrics statements="7" coveredstatements="6" conditionals="2" coveredconditionals="2" methods="6" coveredmethods="5"/>
          <line num="15" count="2" type="stmt"/>
          <line num="19" count="2" type="stmt"/>
          <line num="23" count="1" type="stmt"/>
          <line num="27" count="0" type="stmt"/>
          <line num="30" count="1" type="stmt"/>
          <line num="33" count="2" type="stmt"/>
          <line num="35" count="2" type="stmt"/>
        </file>
        <file name="query.js" path="/Users/rodolfobarretoweb/Projects/NuContaMarketPlace/app/containers/offers/list/query.js">
          <metrics statements="0" coveredstatements="0" conditionals="0" coveredconditionals="0" methods="0" coveredmethods="0"/>
        </file>
      </package>
      <package name="containers.offers.list.item">
        <metrics statements="4" coveredstatements="4" conditionals="0" coveredconditionals="0" methods="2" coveredmethods="2"/>
        <file name="index.js" path="/Users/rodolfobarretoweb/Projects/NuContaMarketPlace/app/containers/offers/list/item/index.js">
          <metrics statements="4" coveredstatements="4" conditionals="0" coveredconditionals="0" methods="2" coveredmethods="2"/>
          <line num="12" count="1" type="stmt"/>
          <line num="21" count="3" type="stmt"/>
          <line num="23" count="3" type="stmt"/>
          <line num="36" count="2" type="stmt"/>
        </file>
      </package>
      <package name="utils">
        <metrics statements="1" coveredstatements="1" conditionals="2" coveredconditionals="2" methods="1" coveredmethods="1"/>
        <file name="currency.js" path="/Users/rodolfobarretoweb/Projects/NuContaMarketPlace/app/utils/currency.js">
          <metrics statements="1" coveredstatements="1" conditionals="2" coveredconditionals="2" methods="1" coveredmethods="1"/>
          <line num="2" count="5" type="stmt"/>
        </file>
      </package>
    </metrics>
  </project>
</coverage>
