{"/Users/rodolfobarretoweb/Projects/NuContaMarketPlace/app/components/card/index.js": {"path":"/Users/rodolfobarretoweb/Projects/NuContaMarketPlace/app/components/card/index.js","statementMap":{"0":{"start":{"line":8,"column":40},"end":{"line":8,"column":50}},"1":{"start":{"line":10,"column":4},"end":{"line":14,"column":6}},"2":{"start":{"line":18,"column":0},"end":{"line":20,"column":2}}},"fnMap":{"0":{"name":"(anonymous_0)","decl":{"start":{"line":7,"column":2},"end":{"line":7,"column":3}},"loc":{"start":{"line":7,"column":11},"end":{"line":15,"column":3}},"line":7}},"branchMap":{},"s":{"0":4,"1":4,"2":3},"f":{"0":4},"b":{},"_coverageSchema":"332fd63041d2c1bcb487cc26dd0d5f7d97098a6c","hash":"ceae15b94d5971a92bf52cb35324677dbed8a412"}
,"/Users/rodolfobarretoweb/Projects/NuContaMarketPlace/app/components/load/index.js": {"path":"/Users/rodolfobarretoweb/Projects/NuContaMarketPlace/app/components/load/index.js","statementMap":{"0":{"start":{"line":8,"column":43},"end":{"line":8,"column":53}},"1":{"start":{"line":10,"column":4},"end":{"line":10,"column":46}},"2":{"start":{"line":10,"column":14},"end":{"line":10,"column":46}},"3":{"start":{"line":12,"column":4},"end":{"line":20,"column":6}},"4":{"start":{"line":24,"column":0},"end":{"line":27,"column":2}},"5":{"start":{"line":29,"column":0},"end":{"line":32,"column":2}}},"fnMap":{"0":{"name":"(anonymous_0)","decl":{"start":{"line":7,"column":2},"end":{"line":7,"column":3}},"loc":{"start":{"line":7,"column":11},"end":{"line":21,"column":3}},"line":7}},"branchMap":{"0":{"loc":{"start":{"line":10,"column":4},"end":{"line":10,"column":46}},"type":"if","locations":[{"start":{"line":10,"column":4},"end":{"line":10,"column":46}},{"start":{"line":10,"column":4},"end":{"line":10,"column":46}}],"line":10}},"s":{"0":4,"1":4,"2":1,"3":3,"4":3,"5":3},"f":{"0":4},"b":{"0":[1,3]},"_coverageSchema":"332fd63041d2c1bcb487cc26dd0d5f7d97098a6c","hash":"a60a359d278a532239bdce36542a2ed2ffee9748"}
,"/Users/rodolfobarretoweb/Projects/NuContaMarketPlace/app/components/noResults/index.js": {"path":"/Users/rodolfobarretoweb/Projects/NuContaMarketPlace/app/components/noResults/index.js","statementMap":{"0":{"start":{"line":8,"column":4},"end":{"line":12,"column":6}},"1":{"start":{"line":16,"column":0},"end":{"line":18,"column":2}}},"fnMap":{"0":{"name":"(anonymous_0)","decl":{"start":{"line":7,"column":2},"end":{"line":7,"column":3}},"loc":{"start":{"line":7,"column":11},"end":{"line":13,"column":3}},"line":7}},"branchMap":{},"s":{"0":1,"1":3},"f":{"0":1},"b":{},"_coverageSchema":"332fd63041d2c1bcb487cc26dd0d5f7d97098a6c","hash":"cfdc0bf7f8504316a6c03da2467690908d60b030"}
,"/Users/rodolfobarretoweb/Projects/NuContaMarketPlace/app/containers/offers/details/index.js": {"path":"/Users/rodolfobarretoweb/Projects/NuContaMarketPlace/app/containers/offers/details/index.js","statementMap":{"0":{"start":{"line":5,"column":4},"end":{"line":5,"column":16}}},"fnMap":{"0":{"name":"(anonymous_0)","decl":{"start":{"line":4,"column":2},"end":{"line":4,"column":3}},"loc":{"start":{"line":4,"column":11},"end":{"line":6,"column":3}},"line":4}},"branchMap":{},"s":{"0":0},"f":{"0":0},"b":{},"_coverageSchema":"332fd63041d2c1bcb487cc26dd0d5f7d97098a6c","hash":"68a8b5018732b11bafc1dc4bc48c36257462cfc6"}
,"/Users/rodolfobarretoweb/Projects/NuContaMarketPlace/app/containers/offers/list/index.js": {"path":"/Users/rodolfobarretoweb/Projects/NuContaMarketPlace/app/containers/offers/list/index.js","statementMap":{"0":{"start":{"line":15,"column":4},"end":{"line":15,"column":74}},"1":{"start":{"line":19,"column":4},"end":{"line":19,"column":37}},"2":{"start":{"line":23,"column":4},"end":{"line":23,"column":55}},"3":{"start":{"line":27,"column":4},"end":{"line":27,"column":56}},"4":{"start":{"line":30,"column":26},"end":{"line":30,"column":33}},"5":{"start":{"line":33,"column":17},"end":{"line":33,"column":44}},"6":{"start":{"line":35,"column":4},"end":{"line":57,"column":6}}},"fnMap":{"0":{"name":"(anonymous_0)","decl":{"start":{"line":14,"column":2},"end":{"line":14,"column":3}},"loc":{"start":{"line":14,"column":23},"end":{"line":16,"column":3}},"line":14},"1":{"name":"(anonymous_1)","decl":{"start":{"line":18,"column":2},"end":{"line":18,"column":3}},"loc":{"start":{"line":18,"column":30},"end":{"line":20,"column":3}},"line":18},"2":{"name":"(anonymous_2)","decl":{"start":{"line":22,"column":9},"end":{"line":22,"column":10}},"loc":{"start":{"line":23,"column":4},"end":{"line":23,"column":55}},"line":23},"3":{"name":"(anonymous_3)","decl":{"start":{"line":26,"column":20},"end":{"line":26,"column":21}},"loc":{"start":{"line":27,"column":4},"end":{"line":27,"column":56}},"line":27},"4":{"name":"(anonymous_4)","decl":{"start":{"line":30,"column":17},"end":{"line":30,"column":18}},"loc":{"start":{"line":30,"column":26},"end":{"line":30,"column":33}},"line":30},"5":{"name":"(anonymous_5)","decl":{"start":{"line":32,"column":2},"end":{"line":32,"column":3}},"loc":{"start":{"line":32,"column":11},"end":{"line":58,"column":3}},"line":32}},"branchMap":{"0":{"loc":{"start":{"line":44,"column":10},"end":{"line":54,"column":14}},"type":"cond-expr","locations":[{"start":{"line":45,"column":12},"end":{"line":45,"column":61}},{"start":{"line":47,"column":12},"end":{"line":54,"column":14}}],"line":44}},"s":{"0":2,"1":2,"2":1,"3":0,"4":1,"5":2,"6":2},"f":{"0":2,"1":2,"2":1,"3":0,"4":1,"5":2},"b":{"0":[1,1]},"_coverageSchema":"332fd63041d2c1bcb487cc26dd0d5f7d97098a6c","hash":"6e79c5d06c4b3cba380ea1af9df0d3732c3d51b6"}
,"/Users/rodolfobarretoweb/Projects/NuContaMarketPlace/app/containers/offers/list/query.js": {"path":"/Users/rodolfobarretoweb/Projects/NuContaMarketPlace/app/containers/offers/list/query.js","statementMap":{},"fnMap":{},"branchMap":{},"s":{},"f":{},"b":{},"_coverageSchema":"332fd63041d2c1bcb487cc26dd0d5f7d97098a6c","hash":"d6c0c56f450c0c4f04c730e918d9c2355f054972"}
,"/Users/rodolfobarretoweb/Projects/NuContaMarketPlace/app/containers/offers/list/item/index.js": {"path":"/Users/rodolfobarretoweb/Projects/NuContaMarketPlace/app/containers/offers/list/item/index.js","statementMap":{"0":{"start":{"line":12,"column":4},"end":{"line":15,"column":7}},"1":{"start":{"line":21,"column":8},"end":{"line":21,"column":18}},"2":{"start":{"line":23,"column":4},"end":{"line":32,"column":6}},"3":{"start":{"line":36,"column":0},"end":{"line":45,"column":2}}},"fnMap":{"0":{"name":"(anonymous_0)","decl":{"start":{"line":11,"column":12},"end":{"line":11,"column":13}},"loc":{"start":{"line":11,"column":18},"end":{"line":16,"column":3}},"line":11},"1":{"name":"(anonymous_1)","decl":{"start":{"line":18,"column":2},"end":{"line":18,"column":3}},"loc":{"start":{"line":18,"column":11},"end":{"line":33,"column":3}},"line":18}},"branchMap":{},"s":{"0":1,"1":3,"2":3,"3":2},"f":{"0":1,"1":3},"b":{},"_coverageSchema":"332fd63041d2c1bcb487cc26dd0d5f7d97098a6c","hash":"cb93eb914b8a09bf918575aa5fb3c134fbb8d473"}
,"/Users/rodolfobarretoweb/Projects/NuContaMarketPlace/app/utils/currency.js": {"path":"/Users/rodolfobarretoweb/Projects/NuContaMarketPlace/app/utils/currency.js","statementMap":{"0":{"start":{"line":2,"column":2},"end":{"line":6,"column":19}}},"fnMap":{"0":{"name":"formatCurrency","decl":{"start":{"line":1,"column":16},"end":{"line":1,"column":30}},"loc":{"start":{"line":1,"column":80},"end":{"line":7,"column":1}},"line":1}},"branchMap":{"0":{"loc":{"start":{"line":1,"column":40},"end":{"line":1,"column":58}},"type":"default-arg","locations":[{"start":{"line":1,"column":54},"end":{"line":1,"column":58}}],"line":1},"1":{"loc":{"start":{"line":1,"column":60},"end":{"line":1,"column":76}},"type":"default-arg","locations":[{"start":{"line":1,"column":71},"end":{"line":1,"column":76}}],"line":1}},"s":{"0":5},"f":{"0":5},"b":{"0":[5],"1":[5]},"_coverageSchema":"332fd63041d2c1bcb487cc26dd0d5f7d97098a6c","hash":"04dc13c17813a52e213536b897174784ee42e2f6"}
}
