{"/Users/rodolfobarretoweb/Projects/NuContaMarketPlace/app/components/card/index.js": {"path":"/Users/rodolfobarretoweb/Projects/NuContaMarketPlace/app/components/card/index.js","statementMap":{"0":{"start":{"line":8,"column":40},"end":{"line":8,"column":50}},"1":{"start":{"line":10,"column":4},"end":{"line":14,"column":6}},"2":{"start":{"line":18,"column":0},"end":{"line":20,"column":2}}},"fnMap":{"0":{"name":"(anonymous_0)","decl":{"start":{"line":7,"column":2},"end":{"line":7,"column":3}},"loc":{"start":{"line":7,"column":11},"end":{"line":15,"column":3}},"line":7}},"branchMap":{},"s":{"0":1,"1":1,"2":1},"f":{"0":1},"b":{},"_coverageSchema":"332fd63041d2c1bcb487cc26dd0d5f7d97098a6c","hash":"ceae15b94d5971a92bf52cb35324677dbed8a412"}
,"/Users/rodolfobarretoweb/Projects/NuContaMarketPlace/app/components/load/index.js": {"path":"/Users/rodolfobarretoweb/Projects/NuContaMarketPlace/app/components/load/index.js","statementMap":{"0":{"start":{"line":8,"column":43},"end":{"line":8,"column":53}},"1":{"start":{"line":10,"column":4},"end":{"line":10,"column":46}},"2":{"start":{"line":10,"column":14},"end":{"line":10,"column":46}},"3":{"start":{"line":12,"column":4},"end":{"line":20,"column":6}},"4":{"start":{"line":24,"column":0},"end":{"line":27,"column":2}},"5":{"start":{"line":29,"column":0},"end":{"line":32,"column":2}}},"fnMap":{"0":{"name":"(anonymous_0)","decl":{"start":{"line":7,"column":2},"end":{"line":7,"column":3}},"loc":{"start":{"line":7,"column":11},"end":{"line":21,"column":3}},"line":7}},"branchMap":{"0":{"loc":{"start":{"line":10,"column":4},"end":{"line":10,"column":46}},"type":"if","locations":[{"start":{"line":10,"column":4},"end":{"line":10,"column":46}},{"start":{"line":10,"column":4},"end":{"line":10,"column":46}}],"line":10}},"s":{"0":3,"1":3,"2":1,"3":2,"4":1,"5":1},"f":{"0":3},"b":{"0":[1,2]},"_coverageSchema":"332fd63041d2c1bcb487cc26dd0d5f7d97098a6c","hash":"a60a359d278a532239bdce36542a2ed2ffee9748"}
,"/Users/rodolfobarretoweb/Projects/NuContaMarketPlace/app/components/noResults/index.js": {"path":"/Users/rodolfobarretoweb/Projects/NuContaMarketPlace/app/components/noResults/index.js","statementMap":{"0":{"start":{"line":8,"column":4},"end":{"line":12,"column":6}},"1":{"start":{"line":16,"column":0},"end":{"line":18,"column":2}}},"fnMap":{"0":{"name":"(anonymous_0)","decl":{"start":{"line":7,"column":2},"end":{"line":7,"column":3}},"loc":{"start":{"line":7,"column":11},"end":{"line":13,"column":3}},"line":7}},"branchMap":{},"s":{"0":1,"1":1},"f":{"0":1},"b":{},"_coverageSchema":"332fd63041d2c1bcb487cc26dd0d5f7d97098a6c","hash":"cfdc0bf7f8504316a6c03da2467690908d60b030"}
}
