TN:
SF:/Users/rodolfobarretoweb/Projects/NuContaMarketPlace/app/components/card/index.js
FN:7,(anonymous_0)
FNF:1
FNH:1
FNDA:4,(anonymous_0)
DA:8,4
DA:10,4
DA:18,3
LF:3
LH:3
BRF:0
BRH:0
end_of_record
TN:
SF:/Users/rodolfobarretoweb/Projects/NuContaMarketPlace/app/components/load/index.js
FN:7,(anonymous_0)
FNF:1
FNH:1
FNDA:4,(anonymous_0)
DA:8,4
DA:10,4
DA:12,3
DA:24,3
DA:29,3
LF:5
LH:5
BRDA:10,0,0,1
BRDA:10,0,1,3
BRF:2
BRH:2
end_of_record
TN:
SF:/Users/rodolfobarretoweb/Projects/NuContaMarketPlace/app/components/noResults/index.js
FN:7,(anonymous_0)
FNF:1
FNH:1
FNDA:1,(anonymous_0)
DA:8,1
DA:16,3
LF:2
LH:2
BRF:0
BRH:0
end_of_record
TN:
SF:/Users/rodolfobarretoweb/Projects/NuContaMarketPlace/app/containers/offers/details/index.js
FN:4,(anonymous_0)
FNF:1
FNH:0
FNDA:0,(anonymous_0)
DA:5,0
LF:1
LH:0
BRF:0
BRH:0
end_of_record
TN:
SF:/Users/rodolfobarretoweb/Projects/NuContaMarketPlace/app/containers/offers/list/index.js
FN:12,(anonymous_0)
FN:16,(anonymous_1)
FN:20,(anonymous_2)
FN:24,(anonymous_3)
FN:26,(anonymous_4)
FNF:5
FNH:4
FNDA:2,(anonymous_0)
FNDA:1,(anonymous_1)
FNDA:0,(anonymous_2)
FNDA:1,(anonymous_3)
FNDA:2,(anonymous_4)
DA:13,2
DA:17,1
DA:21,0
DA:24,1
DA:27,2
LF:5
LH:4
BRDA:34,0,0,1
BRDA:34,0,1,1
BRF:2
BRH:2
end_of_record
TN:
SF:/Users/rodolfobarretoweb/Projects/NuContaMarketPlace/app/containers/offers/list/query.js
FNF:0
FNH:0
LF:0
LH:0
BRF:0
BRH:0
end_of_record
TN:
SF:/Users/rodolfobarretoweb/Projects/NuContaMarketPlace/app/containers/offers/list/item/index.js
FN:10,(anonymous_0)
FN:17,(anonymous_1)
FNF:2
FNH:2
FNDA:1,(anonymous_0)
FNDA:3,(anonymous_1)
DA:11,1
DA:20,3
DA:22,3
DA:35,2
LF:4
LH:4
BRF:0
BRH:0
end_of_record
