TN:
SF:/Users/rodolfobarretoweb/Projects/NuContaMarketPlace/app/components/card/index.js
FN:7,(anonymous_0)
FNF:1
FNH:1
FNDA:4,(anonymous_0)
DA:8,4
DA:10,4
DA:18,3
LF:3
LH:3
BRF:0
BRH:0
end_of_record
TN:
SF:/Users/rodolfobarretoweb/Projects/NuContaMarketPlace/app/components/load/index.js
FN:7,(anonymous_0)
FNF:1
FNH:1
FNDA:4,(anonymous_0)
DA:8,4
DA:10,4
DA:12,3
DA:24,3
DA:29,3
LF:5
LH:5
BRDA:10,0,0,1
BRDA:10,0,1,3
BRF:2
BRH:2
end_of_record
TN:
SF:/Users/rodolfobarretoweb/Projects/NuContaMarketPlace/app/components/noResults/index.js
FN:8,(anonymous_0)
FNF:1
FNH:1
FNDA:2,(anonymous_0)
DA:9,2
DA:17,3
DA:21,3
LF:3
LH:3
BRF:0
BRH:0
end_of_record
TN:
SF:/Users/rodolfobarretoweb/Projects/NuContaMarketPlace/app/containers/offers/details/index.js
FN:14,(anonymous_0)
FN:20,(anonymous_1)
FN:24,(anonymous_2)
FN:45,(anonymous_3)
FNF:4
FNH:4
FNDA:5,(anonymous_0)
FNDA:12,(anonymous_1)
FNDA:4,(anonymous_2)
FNDA:6,(anonymous_3)
DA:15,5
DA:17,5
DA:21,12
DA:25,4
DA:26,4
DA:28,4
DA:29,3
DA:31,3
DA:32,1
DA:35,2
DA:36,1
DA:37,1
DA:41,2
DA:46,6
DA:48,6
LF:15
LH:15
BRDA:28,0,0,3
BRDA:28,0,1,1
BRDA:31,1,0,1
BRDA:31,1,1,2
BRDA:35,2,0,1
BRDA:35,2,1,1
BRF:6
BRH:6
end_of_record
TN:
SF:/Users/rodolfobarretoweb/Projects/NuContaMarketPlace/app/containers/offers/details/query.js
FNF:0
FNH:0
LF:0
LH:0
BRF:0
BRH:0
end_of_record
TN:
SF:/Users/rodolfobarretoweb/Projects/NuContaMarketPlace/app/containers/offers/list/index.js
FN:14,(anonymous_0)
FN:18,(anonymous_1)
FN:22,(anonymous_2)
FN:27,(anonymous_3)
FN:29,(anonymous_4)
FN:31,(anonymous_5)
FNF:6
FNH:6
FNDA:3,(anonymous_0)
FNDA:3,(anonymous_1)
FNDA:1,(anonymous_2)
FNDA:1,(anonymous_3)
FNDA:1,(anonymous_4)
FNDA:3,(anonymous_5)
DA:15,3
DA:19,3
DA:23,1
DA:24,1
DA:27,1
DA:29,1
DA:32,3
DA:34,3
LF:8
LH:8
BRDA:47,0,0,1
BRDA:47,0,1,2
BRF:2
BRH:2
end_of_record
TN:
SF:/Users/rodolfobarretoweb/Projects/NuContaMarketPlace/app/containers/offers/list/query.js
FNF:0
FNH:0
LF:0
LH:0
BRF:0
BRH:0
end_of_record
TN:
SF:/Users/rodolfobarretoweb/Projects/NuContaMarketPlace/app/containers/offers/list/item/index.js
FN:11,(anonymous_0)
FN:18,(anonymous_1)
FNF:2
FNH:2
FNDA:1,(anonymous_0)
FNDA:3,(anonymous_1)
DA:12,1
DA:21,3
DA:23,3
DA:36,2
LF:4
LH:4
BRF:0
BRH:0
end_of_record
TN:
SF:/Users/rodolfobarretoweb/Projects/NuContaMarketPlace/app/utils/currency.js
FN:1,formatCurrency
FNF:1
FNH:1
FNDA:18,formatCurrency
DA:2,18
LF:1
LH:1
BRDA:1,0,0,18
BRDA:1,1,0,18
BRF:2
BRH:2
end_of_record
